<?xml version="1.0" encoding="UTF-8"?>
<!-- Generated by org.testng.reporters.JUnitReportReporter -->
<testsuite hostname="JAIPAL2805" failures="0" tests="1" name="Project.April.Launch4" time="0.001" errors="0" timestamp="2024-04-25T11:41:52 IST" skipped="0">
  <testcase classname="Project.April.Launch4" name="addproduct" time="0.001"/>
  <system-out/>
</testsuite> <!-- Project.April.Launch4 -->
