<?xml version="1.0" encoding="UTF-8"?>
<!-- Generated by org.testng.reporters.JUnitReportReporter -->
<testsuite hostname="JAIPAL2805" failures="0" tests="1" name="Project.April.Grouping" time="10.611" errors="0" timestamp="2024-05-03T10:27:22 IST" skipped="0">
  <testcase classname="Project.April.Grouping" name="SPDL" time="10.611"/>
  <system-out/>
</testsuite> <!-- Project.April.Grouping -->
