<?xml version="1.0" encoding="UTF-8"?>
<!-- Generated by org.testng.reporters.JUnitReportReporter -->
<testsuite hostname="JAIPAL2805" failures="0" tests="1" name="DataDriven.ReadExcel" time="1.722" errors="0" timestamp="2024-05-17T11:48:46 IST" skipped="0">
  <testcase classname="DataDriven.ReadExcel" name="ExcelRead" time="1.722"/>
  <system-out/>
</testsuite> <!-- DataDriven.ReadExcel -->
