<?xml version="1.0" encoding="UTF-8"?>
<!-- Generated by org.testng.reporters.JUnitReportReporter -->
<testsuite hostname="JAIPAL2805" failures="0" tests="1" name="DataDriven.WriteExcel" time="0.835" errors="0" timestamp="2024-05-14T16:18:22 IST" skipped="0">
  <testcase classname="DataDriven.WriteExcel" name="ExcelWrite" time="0.835"/>
  <system-out/>
</testsuite> <!-- DataDriven.WriteExcel -->
