<?xml version="1.0" encoding="UTF-8"?>
<!-- Generated by org.testng.reporters.JUnitReportReporter -->
<testsuite hostname="JAIPAL2805" failures="0" tests="1" name="Project.April.Launch" time="12.613" errors="0" timestamp="2024-04-25T12:15:42 IST" skipped="0">
  <testcase classname="Project.April.Launch" name="launch" time="12.613"/>
  <system-out/>
</testsuite> <!-- Project.April.Launch -->
