<?xml version="1.0" encoding="UTF-8"?>
<!-- Generated by org.testng.reporters.JUnitReportReporter -->
<testsuite hostname="JAIPAL2805" failures="0" tests="1" name="Project.April.ParameterTestingXML" time="19.853" errors="0" timestamp="2024-05-06T16:24:07 IST" skipped="0">
  <testcase classname="Project.April.ParameterTestingXML" name="login" time="19.853"/>
  <system-out/>
</testsuite> <!-- Project.April.ParameterTestingXML -->
